2024-03-13 14:16:54.174  INFO - [main] TraceId:a820612f272f6c85,SpanId:a820612f272f6c85 com.ncb.sdk.facade.Facade:22 : id: 160000805588
2024-03-13 14:16:54.546  INFO - [main] TraceId:a820612f272f6c85,SpanId:a820612f272f6c85 com.ncb.sdk.services.impl.AccountServiceImpl:37 : BaseResponse(status=200, timestamp=Wed Mar 13 14:16:54 ICT 2024, message=success, data={"getAccountInfoByIdRes":{"header":{"common":{"serviceVersion":"1","messageId":"1111","transactionId":"1111","messageTimestamp":"2024-03-13T07:16:54.355790Z"},"client":{"sourceAppID":"MB","userDetail":{"userID":"MB","userPassword":"RUJBTksxMjM="}}},"responseStatus":{"status":"0","globalErrorCode":"000","globalErrorDescription":"Successful"},"bodyRes":{"functionCode":"FLEXCASH-GETACCOUNTINFOBYID-SOAP-T24","twsFlexStatus":{"successIndicator":"Success","messages":[]},"acctInfoDetailType":{"customer":"10693434","accountTitle":"TKGN-VND-TRUONG DUC NHIEU","category":"1111","currency":"VND","workingBalance":"0","lockedAmount":"0","postingRestrict":"","inactivMarker":"Y","company":"VN0010102"}}}}, code=null)
2024-03-13 14:16:54.548  INFO - [main] TraceId:e7ed0c5e12a73798,SpanId:e7ed0c5e12a73798 com.ncb.sdk.facade.Facade:22 : id: 160000805588
2024-03-13 14:16:54.759  INFO - [main] TraceId:e7ed0c5e12a73798,SpanId:e7ed0c5e12a73798 com.ncb.sdk.services.impl.AccountServiceImpl:37 : BaseResponse(status=200, timestamp=Wed Mar 13 14:16:54 ICT 2024, message=success, data={"getAccountInfoByIdRes":{"header":{"common":{"serviceVersion":"1","messageId":"1111","transactionId":"1111","messageTimestamp":"2024-03-13T07:16:54.637853Z"},"client":{"sourceAppID":"MB","userDetail":{"userID":"MB","userPassword":"RUJBTksxMjM="}}},"responseStatus":{"status":"0","globalErrorCode":"000","globalErrorDescription":"Successful"},"bodyRes":{"functionCode":"FLEXCASH-GETACCOUNTINFOBYID-SOAP-T24","twsFlexStatus":{"successIndicator":"Success","messages":[]},"acctInfoDetailType":{"customer":"10693434","accountTitle":"TKGN-VND-TRUONG DUC NHIEU","category":"1111","currency":"VND","workingBalance":"0","lockedAmount":"0","postingRestrict":"","inactivMarker":"Y","company":"VN0010102"}}}}, code=null)
2024-03-13 14:16:54.762  INFO - [main] TraceId:362c4cde304a415a,SpanId:362c4cde304a415a com.ncb.sdk.facade.Facade:22 : id: 160000805588
2024-03-13 14:16:54.975  INFO - [main] TraceId:362c4cde304a415a,SpanId:362c4cde304a415a com.ncb.sdk.services.impl.AccountServiceImpl:37 : BaseResponse(status=200, timestamp=Wed Mar 13 14:16:54 ICT 2024, message=success, data={"getAccountInfoByIdRes":{"header":{"common":{"serviceVersion":"1","messageId":"1111","transactionId":"1111","messageTimestamp":"2024-03-13T07:16:54.858628Z"},"client":{"sourceAppID":"MB","userDetail":{"userID":"MB","userPassword":"RUJBTksxMjM="}}},"responseStatus":{"status":"0","globalErrorCode":"000","globalErrorDescription":"Successful"},"bodyRes":{"functionCode":"FLEXCASH-GETACCOUNTINFOBYID-SOAP-T24","twsFlexStatus":{"successIndicator":"Success","messages":[]},"acctInfoDetailType":{"customer":"10693434","accountTitle":"TKGN-VND-TRUONG DUC NHIEU","category":"1111","currency":"VND","workingBalance":"0","lockedAmount":"0","postingRestrict":"","inactivMarker":"Y","company":"VN0010102"}}}}, code=null)
2024-03-13 14:16:54.977  INFO - [main] TraceId:f6d333752b72ae5b,SpanId:f6d333752b72ae5b com.ncb.sdk.facade.Facade:22 : id: 160000805588
2024-03-13 14:16:54.979 ERROR - [main] TraceId:f6d333752b72ae5b,SpanId:f6d333752b72ae5b com.ncb.sdk.services.impl.AccountServiceImpl:38 : ErrorCode: NCB.SDK.000.001.003
java.lang.NumberFormatException: For input string: "testExp"
	at java.base/java.lang.NumberFormatException.forInputString(NumberFormatException.java:67)
	at java.base/java.lang.Integer.parseInt(Integer.java:662)
	at java.base/java.lang.Integer.parseInt(Integer.java:778)
	at com.ncb.sdk.services.impl.AccountServiceImpl.getListAccountInfoByCustomer(AccountServiceImpl.java:72)
	at com.ncb.sdk.facade.Facade.testException(Facade.java:49)
	at com.ncb.sdk.client.ClientCustomerBusiness.testException(ClientCustomerBusiness.java:13)
	at com.ncb.sdk.client.ClientMain.main(ClientMain.java:37)
2024-03-13 14:16:54.980  INFO - [main] TraceId:f6d333752b72ae5b,SpanId:f6d333752b72ae5b com.ncb.sdk.services.impl.AccountServiceImpl:53 : BaseResponse(status=500, timestamp=Wed Mar 13 14:16:54 ICT 2024, message=Internal Error, data=null, code=NCB.SDK.000.001.003)
2024-03-13 18:16:43.855  INFO - [main] TraceId:10b67649199c3894,SpanId:10b67649199c3894 com.ncb.sdk.facade.Facade:22 : id: 160000805588
2024-03-13 18:16:44.238 ERROR - [main] TraceId:10b67649199c3894,SpanId:10b67649199c3894 com.ncb.sdk.services.impl.FillterKeyServiceImpl:38 : ErrorCode: NCB.SDK.000.000.001
java.lang.RuntimeException: com.mashape.unirest.http.exceptions.UnirestException: javax.net.ssl.SSLHandshakeException: Remote host terminated the handshake
	at com.ncb.sdk.utils.UnirestUtil.postWithParameter(UnirestUtil.java:47)
	at com.ncb.sdk.services.impl.FillterKeyServiceImpl.process(FillterKeyServiceImpl.java:40)
	at com.ncb.sdk.services.impl.AccountServiceImpl.getAccountInfoById(AccountServiceImpl.java:42)
	at com.ncb.sdk.facade.Facade.getAccountInfo(Facade.java:37)
	at com.ncb.sdk.client.ClientMain.main(ClientMain.java:14)
Caused by: com.mashape.unirest.http.exceptions.UnirestException: javax.net.ssl.SSLHandshakeException: Remote host terminated the handshake
	at com.mashape.unirest.http.HttpClientHelper.request(HttpClientHelper.java:143)
	at com.mashape.unirest.request.BaseRequest.asString(BaseRequest.java:56)
	at com.ncb.sdk.utils.UnirestUtil.postWithParameter(UnirestUtil.java:44)
	... 4 more
Caused by: javax.net.ssl.SSLHandshakeException: Remote host terminated the handshake
	at java.base/sun.security.ssl.SSLSocketImpl.handleEOF(SSLSocketImpl.java:1714)
	at java.base/sun.security.ssl.SSLSocketImpl.decode(SSLSocketImpl.java:1514)
	at java.base/sun.security.ssl.SSLSocketImpl.readHandshakeRecord(SSLSocketImpl.java:1421)
	at java.base/sun.security.ssl.SSLSocketImpl.startHandshake(SSLSocketImpl.java:455)
	at java.base/sun.security.ssl.SSLSocketImpl.startHandshake(SSLSocketImpl.java:426)
	at org.apache.http.conn.ssl.SSLConnectionSocketFactory.createLayeredSocket(SSLConnectionSocketFactory.java:394)
	at org.apache.http.conn.ssl.SSLConnectionSocketFactory.connectSocket(SSLConnectionSocketFactory.java:353)
	at org.apache.http.impl.conn.DefaultHttpClientConnectionOperator.connect(DefaultHttpClientConnectionOperator.java:141)
	at org.apache.http.impl.conn.PoolingHttpClientConnectionManager.connect(PoolingHttpClientConnectionManager.java:353)
	at org.apache.http.impl.execchain.MainClientExec.establishRoute(MainClientExec.java:380)
	at org.apache.http.impl.execchain.MainClientExec.execute(MainClientExec.java:236)
	at org.apache.http.impl.execchain.ProtocolExec.execute(ProtocolExec.java:184)
	at org.apache.http.impl.execchain.RetryExec.execute(RetryExec.java:88)
	at org.apache.http.impl.execchain.RedirectExec.execute(RedirectExec.java:110)
	at org.apache.http.impl.client.InternalHttpClient.doExecute(InternalHttpClient.java:184)
	at org.apache.http.impl.client.CloseableHttpClient.execute(CloseableHttpClient.java:82)
	at org.apache.http.impl.client.CloseableHttpClient.execute(CloseableHttpClient.java:107)
	at org.apache.http.impl.client.CloseableHttpClient.execute(CloseableHttpClient.java:55)
	at com.mashape.unirest.http.HttpClientHelper.request(HttpClientHelper.java:138)
	... 6 more
Caused by: java.io.EOFException: SSL peer shut down incorrectly
	at java.base/sun.security.ssl.SSLSocketInputRecord.read(SSLSocketInputRecord.java:494)
	at java.base/sun.security.ssl.SSLSocketInputRecord.readHeader(SSLSocketInputRecord.java:483)
	at java.base/sun.security.ssl.SSLSocketInputRecord.decode(SSLSocketInputRecord.java:160)
	at java.base/sun.security.ssl.SSLTransport.decode(SSLTransport.java:111)
	at java.base/sun.security.ssl.SSLSocketImpl.decode(SSLSocketImpl.java:1506)
	... 23 more
2024-03-13 18:16:44.247  INFO - [main] TraceId:10b67649199c3894,SpanId:10b67649199c3894 com.ncb.sdk.services.impl.AccountServiceImpl:59 : BaseResponse(status=500, timestamp=Wed Mar 13 18:16:44 ICT 2024, message=Unauthorized, data=null, code=NCB.SDK.000.001.001)
2024-03-13 18:16:44.250  INFO - [main] TraceId:f4395a035b1d685e,SpanId:f4395a035b1d685e com.ncb.sdk.facade.Facade:22 : id: 160000805588
2024-03-13 18:16:44.308 ERROR - [main] TraceId:f4395a035b1d685e,SpanId:f4395a035b1d685e com.ncb.sdk.services.impl.FillterKeyServiceImpl:38 : ErrorCode: NCB.SDK.000.000.001
java.lang.RuntimeException: com.mashape.unirest.http.exceptions.UnirestException: javax.net.ssl.SSLHandshakeException: Remote host terminated the handshake
	at com.ncb.sdk.utils.UnirestUtil.postWithParameter(UnirestUtil.java:47)
	at com.ncb.sdk.services.impl.FillterKeyServiceImpl.process(FillterKeyServiceImpl.java:40)
	at com.ncb.sdk.services.impl.AccountServiceImpl.getAccountInfoById(AccountServiceImpl.java:42)
	at com.ncb.sdk.facade.Facade.getAccountInfo(Facade.java:37)
	at com.ncb.sdk.client.ClientAccountBusiness.getAccountInfo(ClientAccountBusiness.java:8)
	at com.ncb.sdk.client.ClientMain.main(ClientMain.java:24)
Caused by: com.mashape.unirest.http.exceptions.UnirestException: javax.net.ssl.SSLHandshakeException: Remote host terminated the handshake
	at com.mashape.unirest.http.HttpClientHelper.request(HttpClientHelper.java:143)
	at com.mashape.unirest.request.BaseRequest.asString(BaseRequest.java:56)
	at com.ncb.sdk.utils.UnirestUtil.postWithParameter(UnirestUtil.java:44)
	... 5 more
Caused by: javax.net.ssl.SSLHandshakeException: Remote host terminated the handshake
	at java.base/sun.security.ssl.SSLSocketImpl.handleEOF(SSLSocketImpl.java:1714)
	at java.base/sun.security.ssl.SSLSocketImpl.decode(SSLSocketImpl.java:1514)
	at java.base/sun.security.ssl.SSLSocketImpl.readHandshakeRecord(SSLSocketImpl.java:1421)
	at java.base/sun.security.ssl.SSLSocketImpl.startHandshake(SSLSocketImpl.java:455)
	at java.base/sun.security.ssl.SSLSocketImpl.startHandshake(SSLSocketImpl.java:426)
	at org.apache.http.conn.ssl.SSLConnectionSocketFactory.createLayeredSocket(SSLConnectionSocketFactory.java:394)
	at org.apache.http.conn.ssl.SSLConnectionSocketFactory.connectSocket(SSLConnectionSocketFactory.java:353)
	at org.apache.http.impl.conn.DefaultHttpClientConnectionOperator.connect(DefaultHttpClientConnectionOperator.java:141)
	at org.apache.http.impl.conn.PoolingHttpClientConnectionManager.connect(PoolingHttpClientConnectionManager.java:353)
	at org.apache.http.impl.execchain.MainClientExec.establishRoute(MainClientExec.java:380)
	at org.apache.http.impl.execchain.MainClientExec.execute(MainClientExec.java:236)
	at org.apache.http.impl.execchain.ProtocolExec.execute(ProtocolExec.java:184)
	at org.apache.http.impl.execchain.RetryExec.execute(RetryExec.java:88)
	at org.apache.http.impl.execchain.RedirectExec.execute(RedirectExec.java:110)
	at org.apache.http.impl.client.InternalHttpClient.doExecute(InternalHttpClient.java:184)
	at org.apache.http.impl.client.CloseableHttpClient.execute(CloseableHttpClient.java:82)
	at org.apache.http.impl.client.CloseableHttpClient.execute(CloseableHttpClient.java:107)
	at org.apache.http.impl.client.CloseableHttpClient.execute(CloseableHttpClient.java:55)
	at com.mashape.unirest.http.HttpClientHelper.request(HttpClientHelper.java:138)
	... 7 more
Caused by: java.io.EOFException: SSL peer shut down incorrectly
	at java.base/sun.security.ssl.SSLSocketInputRecord.read(SSLSocketInputRecord.java:494)
	at java.base/sun.security.ssl.SSLSocketInputRecord.readHeader(SSLSocketInputRecord.java:483)
	at java.base/sun.security.ssl.SSLSocketInputRecord.decode(SSLSocketInputRecord.java:160)
	at java.base/sun.security.ssl.SSLTransport.decode(SSLTransport.java:111)
	at java.base/sun.security.ssl.SSLSocketImpl.decode(SSLSocketImpl.java:1506)
	... 24 more
2024-03-13 18:16:44.308  INFO - [main] TraceId:f4395a035b1d685e,SpanId:f4395a035b1d685e com.ncb.sdk.services.impl.AccountServiceImpl:59 : BaseResponse(status=500, timestamp=Wed Mar 13 18:16:44 ICT 2024, message=Unauthorized, data=null, code=NCB.SDK.000.001.001)
2024-03-13 18:16:44.310  INFO - [main] TraceId:c789e8874fa3aa65,SpanId:c789e8874fa3aa65 com.ncb.sdk.facade.Facade:22 : id: 160000805588
2024-03-13 18:16:44.397 ERROR - [main] TraceId:c789e8874fa3aa65,SpanId:c789e8874fa3aa65 com.ncb.sdk.services.impl.FillterKeyServiceImpl:38 : ErrorCode: NCB.SDK.000.000.001
java.lang.RuntimeException: com.mashape.unirest.http.exceptions.UnirestException: javax.net.ssl.SSLHandshakeException: Remote host terminated the handshake
	at com.ncb.sdk.utils.UnirestUtil.postWithParameter(UnirestUtil.java:47)
	at com.ncb.sdk.services.impl.FillterKeyServiceImpl.process(FillterKeyServiceImpl.java:40)
	at com.ncb.sdk.services.impl.AccountServiceImpl.getAccountInfoById(AccountServiceImpl.java:42)
	at com.ncb.sdk.facade.Facade.getAccountInfo(Facade.java:37)
	at com.ncb.sdk.client.ClientCustomerBusiness.getAccountInfo(ClientCustomerBusiness.java:8)
	at com.ncb.sdk.client.ClientMain.main(ClientMain.java:30)
Caused by: com.mashape.unirest.http.exceptions.UnirestException: javax.net.ssl.SSLHandshakeException: Remote host terminated the handshake
	at com.mashape.unirest.http.HttpClientHelper.request(HttpClientHelper.java:143)
	at com.mashape.unirest.request.BaseRequest.asString(BaseRequest.java:56)
	at com.ncb.sdk.utils.UnirestUtil.postWithParameter(UnirestUtil.java:44)
	... 5 more
Caused by: javax.net.ssl.SSLHandshakeException: Remote host terminated the handshake
	at java.base/sun.security.ssl.SSLSocketImpl.handleEOF(SSLSocketImpl.java:1714)
	at java.base/sun.security.ssl.SSLSocketImpl.decode(SSLSocketImpl.java:1514)
	at java.base/sun.security.ssl.SSLSocketImpl.readHandshakeRecord(SSLSocketImpl.java:1421)
	at java.base/sun.security.ssl.SSLSocketImpl.startHandshake(SSLSocketImpl.java:455)
	at java.base/sun.security.ssl.SSLSocketImpl.startHandshake(SSLSocketImpl.java:426)
	at org.apache.http.conn.ssl.SSLConnectionSocketFactory.createLayeredSocket(SSLConnectionSocketFactory.java:394)
	at org.apache.http.conn.ssl.SSLConnectionSocketFactory.connectSocket(SSLConnectionSocketFactory.java:353)
	at org.apache.http.impl.conn.DefaultHttpClientConnectionOperator.connect(DefaultHttpClientConnectionOperator.java:141)
	at org.apache.http.impl.conn.PoolingHttpClientConnectionManager.connect(PoolingHttpClientConnectionManager.java:353)
	at org.apache.http.impl.execchain.MainClientExec.establishRoute(MainClientExec.java:380)
	at org.apache.http.impl.execchain.MainClientExec.execute(MainClientExec.java:236)
	at org.apache.http.impl.execchain.ProtocolExec.execute(ProtocolExec.java:184)
	at org.apache.http.impl.execchain.RetryExec.execute(RetryExec.java:88)
	at org.apache.http.impl.execchain.RedirectExec.execute(RedirectExec.java:110)
	at org.apache.http.impl.client.InternalHttpClient.doExecute(InternalHttpClient.java:184)
	at org.apache.http.impl.client.CloseableHttpClient.execute(CloseableHttpClient.java:82)
	at org.apache.http.impl.client.CloseableHttpClient.execute(CloseableHttpClient.java:107)
	at org.apache.http.impl.client.CloseableHttpClient.execute(CloseableHttpClient.java:55)
	at com.mashape.unirest.http.HttpClientHelper.request(HttpClientHelper.java:138)
	... 7 more
Caused by: java.io.EOFException: SSL peer shut down incorrectly
	at java.base/sun.security.ssl.SSLSocketInputRecord.read(SSLSocketInputRecord.java:494)
	at java.base/sun.security.ssl.SSLSocketInputRecord.readHeader(SSLSocketInputRecord.java:483)
	at java.base/sun.security.ssl.SSLSocketInputRecord.decode(SSLSocketInputRecord.java:160)
	at java.base/sun.security.ssl.SSLTransport.decode(SSLTransport.java:111)
	at java.base/sun.security.ssl.SSLSocketImpl.decode(SSLSocketImpl.java:1506)
	... 24 more
2024-03-13 18:16:44.398  INFO - [main] TraceId:c789e8874fa3aa65,SpanId:c789e8874fa3aa65 com.ncb.sdk.services.impl.AccountServiceImpl:59 : BaseResponse(status=500, timestamp=Wed Mar 13 18:16:44 ICT 2024, message=Unauthorized, data=null, code=NCB.SDK.000.001.001)
2024-03-13 18:16:44.399  INFO - [main] TraceId:363c6dcc84f5aad4,SpanId:363c6dcc84f5aad4 com.ncb.sdk.facade.Facade:22 : id: 160000805588
2024-03-13 18:16:44.399 ERROR - [main] TraceId:363c6dcc84f5aad4,SpanId:363c6dcc84f5aad4 com.ncb.sdk.services.impl.AccountServiceImpl:38 : ErrorCode: NCB.SDK.000.001.003
java.lang.NumberFormatException: For input string: "testExp"
	at java.base/java.lang.NumberFormatException.forInputString(NumberFormatException.java:67)
	at java.base/java.lang.Integer.parseInt(Integer.java:662)
	at java.base/java.lang.Integer.parseInt(Integer.java:778)
	at com.ncb.sdk.services.impl.AccountServiceImpl.getListAccountInfoByCustomer(AccountServiceImpl.java:72)
	at com.ncb.sdk.facade.Facade.testException(Facade.java:49)
	at com.ncb.sdk.client.ClientCustomerBusiness.testException(ClientCustomerBusiness.java:13)
	at com.ncb.sdk.client.ClientMain.main(ClientMain.java:37)
2024-03-13 18:16:44.400  INFO - [main] TraceId:363c6dcc84f5aad4,SpanId:363c6dcc84f5aad4 com.ncb.sdk.services.impl.AccountServiceImpl:53 : BaseResponse(status=500, timestamp=Wed Mar 13 18:16:44 ICT 2024, message=Internal Error, data=null, code=NCB.SDK.000.001.003)
2024-03-13 18:17:32.292  INFO - [main] TraceId:2a19cc4a262ec811,SpanId:2a19cc4a262ec811 com.ncb.sdk.facade.Facade:22 : id: 160000805588
2024-03-13 18:17:32.769  INFO - [main] TraceId:2a19cc4a262ec811,SpanId:2a19cc4a262ec811 com.ncb.sdk.services.impl.AccountServiceImpl:59 : BaseResponse(status=500, timestamp=Wed Mar 13 18:17:32 ICT 2024, message=Unauthorized, data=null, code=NCB.SDK.000.001.001)
2024-03-13 18:17:32.770  INFO - [main] TraceId:fba6322493e1410f,SpanId:fba6322493e1410f com.ncb.sdk.facade.Facade:22 : id: 160000805588
2024-03-13 18:17:33.080  INFO - [main] TraceId:fba6322493e1410f,SpanId:fba6322493e1410f com.ncb.sdk.services.impl.AccountServiceImpl:37 : BaseResponse(status=200, timestamp=Wed Mar 13 18:17:33 ICT 2024, message=success, data={"getAccountInfoByIdRes":{"header":{"common":{"serviceVersion":"1","messageId":"1111","transactionId":"1111","messageTimestamp":"2024-03-13T11:17:32.899858Z"},"client":{"sourceAppID":"MB","userDetail":{"userID":"MB","userPassword":"RUJBTksxMjM="}}},"responseStatus":{"status":"0","globalErrorCode":"000","globalErrorDescription":"Successful"},"bodyRes":{"functionCode":"FLEXCASH-GETACCOUNTINFOBYID-SOAP-T24","twsFlexStatus":{"successIndicator":"Success","messages":[]},"acctInfoDetailType":{"customer":"10693434","accountTitle":"TKGN-VND-TRUONG DUC NHIEU","category":"1111","currency":"VND","workingBalance":"0","lockedAmount":"0","postingRestrict":"","inactivMarker":"Y","company":"VN0010102"}}}}, code=null)
2024-03-13 18:17:33.082  INFO - [main] TraceId:2195cb3fd96abe43,SpanId:2195cb3fd96abe43 com.ncb.sdk.facade.Facade:22 : id: 160000805588
2024-03-13 18:17:33.445  INFO - [main] TraceId:2195cb3fd96abe43,SpanId:2195cb3fd96abe43 com.ncb.sdk.services.impl.AccountServiceImpl:37 : BaseResponse(status=200, timestamp=Wed Mar 13 18:17:33 ICT 2024, message=success, data={"getAccountInfoByIdRes":{"header":{"common":{"serviceVersion":"1","messageId":"1111","transactionId":"1111","messageTimestamp":"2024-03-13T11:17:33.082795Z"},"client":{"sourceAppID":"MB","userDetail":{"userID":"MB","userPassword":"RUJBTksxMjM="}}},"responseStatus":{"status":"0","globalErrorCode":"000","globalErrorDescription":"Successful"},"bodyRes":{"functionCode":"FLEXCASH-GETACCOUNTINFOBYID-SOAP-T24","twsFlexStatus":{"successIndicator":"Success","messages":[]},"acctInfoDetailType":{"customer":"10693434","accountTitle":"TKGN-VND-TRUONG DUC NHIEU","category":"1111","currency":"VND","workingBalance":"0","lockedAmount":"0","postingRestrict":"","inactivMarker":"Y","company":"VN0010102"}}}}, code=null)
2024-03-13 18:17:33.450  INFO - [main] TraceId:6e27a659df77c6e9,SpanId:6e27a659df77c6e9 com.ncb.sdk.facade.Facade:22 : id: 160000805588
2024-03-13 18:17:33.451 ERROR - [main] TraceId:6e27a659df77c6e9,SpanId:6e27a659df77c6e9 com.ncb.sdk.services.impl.AccountServiceImpl:38 : ErrorCode: NCB.SDK.000.001.003
java.lang.NumberFormatException: For input string: "testExp"
	at java.base/java.lang.NumberFormatException.forInputString(NumberFormatException.java:67)
	at java.base/java.lang.Integer.parseInt(Integer.java:662)
	at java.base/java.lang.Integer.parseInt(Integer.java:778)
	at com.ncb.sdk.services.impl.AccountServiceImpl.getListAccountInfoByCustomer(AccountServiceImpl.java:72)
	at com.ncb.sdk.facade.Facade.testException(Facade.java:49)
	at com.ncb.sdk.client.ClientCustomerBusiness.testException(ClientCustomerBusiness.java:13)
	at com.ncb.sdk.client.ClientMain.main(ClientMain.java:37)
2024-03-13 18:17:33.453  INFO - [main] TraceId:6e27a659df77c6e9,SpanId:6e27a659df77c6e9 com.ncb.sdk.services.impl.AccountServiceImpl:53 : BaseResponse(status=500, timestamp=Wed Mar 13 18:17:33 ICT 2024, message=Internal Error, data=null, code=NCB.SDK.000.001.003)
2024-03-13 18:23:15.123  INFO - [main] TraceId:819abda2c14c8223,SpanId:819abda2c14c8223 com.ncb.sdk.facade.Facade:22 : id: 160000805588
2024-03-13 18:23:38.458  INFO - [main] TraceId:819abda2c14c8223,SpanId:819abda2c14c8223 com.ncb.sdk.services.impl.AccountServiceImpl:59 : BaseResponse(status=500, timestamp=Wed Mar 13 18:23:31 ICT 2024, message=Unauthorized, data=null, code=NCB.SDK.000.001.001)
2024-03-13 18:23:43.574  INFO - [main] TraceId:bdf9c70fbaee4365,SpanId:bdf9c70fbaee4365 com.ncb.sdk.facade.Facade:22 : id: 160000805588
2024-03-13 18:24:04.579  INFO - [main] TraceId:bdf9c70fbaee4365,SpanId:bdf9c70fbaee4365 com.ncb.sdk.services.impl.AccountServiceImpl:37 : BaseResponse(status=200, timestamp=Wed Mar 13 18:24:04 ICT 2024, message=success, data={"getAccountInfoByIdRes":{"header":{"common":{"serviceVersion":"1","messageId":"1111","transactionId":"1111","messageTimestamp":"2024-03-13T11:23:53.112889Z"},"client":{"sourceAppID":"MB","userDetail":{"userID":"MB","userPassword":"RUJBTksxMjM="}}},"responseStatus":{"status":"0","globalErrorCode":"000","globalErrorDescription":"Successful"},"bodyRes":{"functionCode":"FLEXCASH-GETACCOUNTINFOBYID-SOAP-T24","twsFlexStatus":{"successIndicator":"Success","messages":[]},"acctInfoDetailType":{"customer":"10693434","accountTitle":"TKGN-VND-TRUONG DUC NHIEU","category":"1111","currency":"VND","workingBalance":"0","lockedAmount":"0","postingRestrict":"","inactivMarker":"Y","company":"VN0010102"}}}}, code=null)
2024-03-13 18:24:04.593  INFO - [main] TraceId:1d236fc8f14efccb,SpanId:1d236fc8f14efccb com.ncb.sdk.facade.Facade:22 : id: 160000805588
2024-03-13 18:24:07.314  INFO - [main] TraceId:8a93bb53e239bca1,SpanId:8a93bb53e239bca1 com.ncb.sdk.facade.Facade:22 : id: 160000805588
