2024-03-14 18:11:21.518  INFO - [main] TraceId:b642ae2dac0b233b,SpanId:b642ae2dac0b233b com.ncb.sdk.facade.Facade:22 : id: 160000805588
2024-03-14 18:11:21.970  INFO - [main] TraceId:b642ae2dac0b233b,SpanId:b642ae2dac0b233b com.ncb.sdk.services.impl.AccountServiceImpl:59 : BaseResponse(status=500, timestamp=Thu Mar 14 18:11:21 ICT 2024, message=Unauthorized, data=null, code=NCB.SDK.000.001.001)
2024-03-14 18:11:21.972  INFO - [main] TraceId:88e20f27359de397,SpanId:88e20f27359de397 com.ncb.sdk.facade.Facade:22 : id: 160000805588
2024-03-14 18:11:22.278  INFO - [main] TraceId:88e20f27359de397,SpanId:88e20f27359de397 com.ncb.sdk.services.impl.AccountServiceImpl:37 : BaseResponse(status=200, timestamp=Thu Mar 14 18:11:22 ICT 2024, message=success, data={"getAccountInfoByIdRes":{"header":{"common":{"serviceVersion":"1","messageId":"1111","transactionId":"1111","messageTimestamp":"2024-03-14T11:11:22.139975Z"},"client":{"sourceAppID":"MB","userDetail":{"userID":"MB","userPassword":"RUJBTksxMjM="}}},"responseStatus":{"status":"0","globalErrorCode":"000","globalErrorDescription":"Successful"},"bodyRes":{"functionCode":"FLEXCASH-GETACCOUNTINFOBYID-SOAP-T24","twsFlexStatus":{"successIndicator":"Success","messages":[]},"acctInfoDetailType":{"customer":"10693434","accountTitle":"TKGN-VND-TRUONG DUC NHIEU","category":"1111","currency":"VND","workingBalance":"0","lockedAmount":"0","postingRestrict":"","inactivMarker":"Y","company":"VN0010102"}}}}, code=null)
2024-03-14 18:11:22.280  INFO - [main] TraceId:c875786f3f2372d0,SpanId:c875786f3f2372d0 com.ncb.sdk.facade.Facade:22 : id: 160000805588
2024-03-14 18:11:22.433  INFO - [main] TraceId:c875786f3f2372d0,SpanId:c875786f3f2372d0 com.ncb.sdk.services.impl.AccountServiceImpl:37 : BaseResponse(status=200, timestamp=Thu Mar 14 18:11:22 ICT 2024, message=success, data={"getAccountInfoByIdRes":{"header":{"common":{"serviceVersion":"1","messageId":"1111","transactionId":"1111","messageTimestamp":"2024-03-14T11:11:22.280839Z"},"client":{"sourceAppID":"MB","userDetail":{"userID":"MB","userPassword":"RUJBTksxMjM="}}},"responseStatus":{"status":"0","globalErrorCode":"000","globalErrorDescription":"Successful"},"bodyRes":{"functionCode":"FLEXCASH-GETACCOUNTINFOBYID-SOAP-T24","twsFlexStatus":{"successIndicator":"Success","messages":[]},"acctInfoDetailType":{"customer":"10693434","accountTitle":"TKGN-VND-TRUONG DUC NHIEU","category":"1111","currency":"VND","workingBalance":"0","lockedAmount":"0","postingRestrict":"","inactivMarker":"Y","company":"VN0010102"}}}}, code=null)
2024-03-14 18:11:22.437  INFO - [main] TraceId:520b852b39b8b117,SpanId:520b852b39b8b117 com.ncb.sdk.facade.Facade:22 : id: 160000805588
2024-03-14 18:11:22.438 ERROR - [main] TraceId:520b852b39b8b117,SpanId:520b852b39b8b117 com.ncb.sdk.services.impl.AccountServiceImpl:38 : ErrorCode: NCB.SDK.000.001.003
java.lang.NumberFormatException: For input string: "testExp"
	at java.base/java.lang.NumberFormatException.forInputString(NumberFormatException.java:67)
	at java.base/java.lang.Integer.parseInt(Integer.java:662)
	at java.base/java.lang.Integer.parseInt(Integer.java:778)
	at com.ncb.sdk.services.impl.AccountServiceImpl.getListAccountInfoByCustomer(AccountServiceImpl.java:72)
	at com.ncb.sdk.facade.Facade.testException(Facade.java:49)
	at com.ncb.sdk.client.ClientCustomerBusiness.testException(ClientCustomerBusiness.java:13)
	at com.ncb.sdk.client.ClientMain.main(ClientMain.java:37)
2024-03-14 18:11:22.441  INFO - [main] TraceId:520b852b39b8b117,SpanId:520b852b39b8b117 com.ncb.sdk.services.impl.AccountServiceImpl:53 : BaseResponse(status=500, timestamp=Thu Mar 14 18:11:22 ICT 2024, message=Internal Error, data=null, code=NCB.SDK.000.001.003)
2024-03-14 18:15:27.855  INFO - [main] TraceId:c110e4d945f14a37,SpanId:c110e4d945f14a37 com.ncb.sdk.facade.Facade:22 : id: 160000805588
2024-03-14 18:15:28.292  INFO - [main] TraceId:c110e4d945f14a37,SpanId:c110e4d945f14a37 com.ncb.sdk.services.impl.AccountServiceImpl:59 : BaseResponse(status=500, timestamp=Thu Mar 14 18:15:28 ICT 2024, message=Unauthorized, data=null, code=NCB.SDK.000.001.001)
2024-03-14 18:15:28.294  INFO - [main] TraceId:5729e18f3eb7807c,SpanId:5729e18f3eb7807c com.ncb.sdk.facade.Facade:22 : id: 160000805588
2024-03-14 18:15:28.671  INFO - [main] TraceId:5729e18f3eb7807c,SpanId:5729e18f3eb7807c com.ncb.sdk.services.impl.AccountServiceImpl:37 : BaseResponse(status=200, timestamp=Thu Mar 14 18:15:28 ICT 2024, message=success, data={"getAccountInfoByIdRes":{"header":{"common":{"serviceVersion":"1","messageId":"1111","transactionId":"1111","messageTimestamp":"2024-03-14T11:15:28.458654Z"},"client":{"sourceAppID":"MB","userDetail":{"userID":"MB","userPassword":"RUJBTksxMjM="}}},"responseStatus":{"status":"0","globalErrorCode":"000","globalErrorDescription":"Successful"},"bodyRes":{"functionCode":"FLEXCASH-GETACCOUNTINFOBYID-SOAP-T24","twsFlexStatus":{"successIndicator":"Success","messages":[]},"acctInfoDetailType":{"customer":"10693434","accountTitle":"TKGN-VND-TRUONG DUC NHIEU","category":"1111","currency":"VND","workingBalance":"0","lockedAmount":"0","postingRestrict":"","inactivMarker":"Y","company":"VN0010102"}}}}, code=null)
2024-03-14 18:15:28.675  INFO - [main] TraceId:9b52af4e0c1013c6,SpanId:9b52af4e0c1013c6 com.ncb.sdk.facade.Facade:22 : id: 160000805588
2024-03-14 18:15:28.780  INFO - [main] TraceId:9b52af4e0c1013c6,SpanId:9b52af4e0c1013c6 com.ncb.sdk.services.impl.AccountServiceImpl:37 : BaseResponse(status=200, timestamp=Thu Mar 14 18:15:28 ICT 2024, message=success, data={"getAccountInfoByIdRes":{"header":{"common":{"serviceVersion":"1","messageId":"1111","transactionId":"1111","messageTimestamp":"2024-03-14T11:15:28.675251Z"},"client":{"sourceAppID":"MB","userDetail":{"userID":"MB","userPassword":"RUJBTksxMjM="}}},"responseStatus":{"status":"0","globalErrorCode":"000","globalErrorDescription":"Successful"},"bodyRes":{"functionCode":"FLEXCASH-GETACCOUNTINFOBYID-SOAP-T24","twsFlexStatus":{"successIndicator":"Success","messages":[]},"acctInfoDetailType":{"customer":"10693434","accountTitle":"TKGN-VND-TRUONG DUC NHIEU","category":"1111","currency":"VND","workingBalance":"0","lockedAmount":"0","postingRestrict":"","inactivMarker":"Y","company":"VN0010102"}}}}, code=null)
2024-03-14 18:15:28.784  INFO - [main] TraceId:05620a87d46e6ea2,SpanId:05620a87d46e6ea2 com.ncb.sdk.facade.Facade:22 : id: 160000805588
2024-03-14 18:15:28.784 ERROR - [main] TraceId:05620a87d46e6ea2,SpanId:05620a87d46e6ea2 com.ncb.sdk.services.impl.AccountServiceImpl:38 : ErrorCode: NCB.SDK.000.001.003
java.lang.NumberFormatException: For input string: "testExp"
	at java.base/java.lang.NumberFormatException.forInputString(NumberFormatException.java:67)
	at java.base/java.lang.Integer.parseInt(Integer.java:662)
	at java.base/java.lang.Integer.parseInt(Integer.java:778)
	at com.ncb.sdk.services.impl.AccountServiceImpl.getListAccountInfoByCustomer(AccountServiceImpl.java:72)
	at com.ncb.sdk.facade.Facade.testException(Facade.java:49)
	at com.ncb.sdk.client.ClientCustomerBusiness.testException(ClientCustomerBusiness.java:13)
	at com.ncb.sdk.client.ClientMain.main(ClientMain.java:37)
2024-03-14 18:15:28.786  INFO - [main] TraceId:05620a87d46e6ea2,SpanId:05620a87d46e6ea2 com.ncb.sdk.services.impl.AccountServiceImpl:53 : BaseResponse(status=500, timestamp=Thu Mar 14 18:15:28 ICT 2024, message=Internal Error, data=null, code=NCB.SDK.000.001.003)
2024-03-14 18:30:17.075  INFO - [main] TraceId:c5ccc04b6e3c9a90,SpanId:c5ccc04b6e3c9a90 com.ncb.sdk.facade.Facade:22 : id: 160000805588
2024-03-14 18:30:18.818  INFO - [main] TraceId:c5ccc04b6e3c9a90,SpanId:c5ccc04b6e3c9a90 com.ncb.sdk.services.impl.AccountServiceImpl:59 : BaseResponse(status=500, timestamp=Thu Mar 14 18:30:18 ICT 2024, message=Unauthorized, data=null, code=NCB.SDK.000.001.001)
2024-03-14 18:30:18.819  INFO - [main] TraceId:d214cfa0d2fcc412,SpanId:d214cfa0d2fcc412 com.ncb.sdk.facade.Facade:22 : id: 160000805588
2024-03-14 18:30:19.175  INFO - [main] TraceId:d214cfa0d2fcc412,SpanId:d214cfa0d2fcc412 com.ncb.sdk.services.impl.AccountServiceImpl:37 : BaseResponse(status=200, timestamp=Thu Mar 14 18:30:19 ICT 2024, message=success, data={"getAccountInfoByIdRes":{"header":{"common":{"serviceVersion":"1","messageId":"1111","transactionId":"1111","messageTimestamp":"2024-03-14T11:30:18.945968Z"},"client":{"sourceAppID":"MB","userDetail":{"userID":"MB","userPassword":"RUJBTksxMjM="}}},"responseStatus":{"status":"0","globalErrorCode":"000","globalErrorDescription":"Successful"},"bodyRes":{"functionCode":"FLEXCASH-GETACCOUNTINFOBYID-SOAP-T24","twsFlexStatus":{"successIndicator":"Success","messages":[]},"acctInfoDetailType":{"customer":"10693434","accountTitle":"TKGN-VND-TRUONG DUC NHIEU","category":"1111","currency":"VND","workingBalance":"0","lockedAmount":"0","postingRestrict":"","inactivMarker":"Y","company":"VN0010102"}}}}, code=null)
2024-03-14 18:30:19.178  INFO - [main] TraceId:dc2c7e8b9bcb5ab4,SpanId:dc2c7e8b9bcb5ab4 com.ncb.sdk.facade.Facade:22 : id: 160000805588
2024-03-14 18:30:19.285  INFO - [main] TraceId:dc2c7e8b9bcb5ab4,SpanId:dc2c7e8b9bcb5ab4 com.ncb.sdk.services.impl.AccountServiceImpl:37 : BaseResponse(status=200, timestamp=Thu Mar 14 18:30:19 ICT 2024, message=success, data={"getAccountInfoByIdRes":{"header":{"common":{"serviceVersion":"1","messageId":"1111","transactionId":"1111","messageTimestamp":"2024-03-14T11:30:19.179072Z"},"client":{"sourceAppID":"MB","userDetail":{"userID":"MB","userPassword":"RUJBTksxMjM="}}},"responseStatus":{"status":"0","globalErrorCode":"000","globalErrorDescription":"Successful"},"bodyRes":{"functionCode":"FLEXCASH-GETACCOUNTINFOBYID-SOAP-T24","twsFlexStatus":{"successIndicator":"Success","messages":[]},"acctInfoDetailType":{"customer":"10693434","accountTitle":"TKGN-VND-TRUONG DUC NHIEU","category":"1111","currency":"VND","workingBalance":"0","lockedAmount":"0","postingRestrict":"","inactivMarker":"Y","company":"VN0010102"}}}}, code=null)
2024-03-14 18:30:19.289  INFO - [main] TraceId:c9e31a82d7231f45,SpanId:c9e31a82d7231f45 com.ncb.sdk.facade.Facade:22 : id: 160000805588
2024-03-14 18:30:19.289 ERROR - [main] TraceId:c9e31a82d7231f45,SpanId:c9e31a82d7231f45 com.ncb.sdk.services.impl.AccountServiceImpl:38 : ErrorCode: NCB.SDK.000.001.003
java.lang.NumberFormatException: For input string: "testExp"
	at java.base/java.lang.NumberFormatException.forInputString(NumberFormatException.java:67)
	at java.base/java.lang.Integer.parseInt(Integer.java:662)
	at java.base/java.lang.Integer.parseInt(Integer.java:778)
	at com.ncb.sdk.services.impl.AccountServiceImpl.getListAccountInfoByCustomer(AccountServiceImpl.java:72)
	at com.ncb.sdk.facade.Facade.testException(Facade.java:49)
	at com.ncb.sdk.client.ClientCustomerBusiness.testException(ClientCustomerBusiness.java:13)
	at com.ncb.sdk.client.ClientMain.main(ClientMain.java:37)
2024-03-14 18:30:19.291  INFO - [main] TraceId:c9e31a82d7231f45,SpanId:c9e31a82d7231f45 com.ncb.sdk.services.impl.AccountServiceImpl:53 : BaseResponse(status=500, timestamp=Thu Mar 14 18:30:19 ICT 2024, message=Internal Error, data=null, code=NCB.SDK.000.001.003)
